Using pre-set license
Built from '2020.3/china_unity/release' branch; Version is '2021.3.41f1c1 (abf9ed549ceb) revision 11270637'; Using compiler version '192829333'; Build Type 'Release'
OS: 'Windows 10  (10.0.19043) 64bit Professional' Language: 'zh' Physical Memory: 65440 MB
BatchMode: 1, IsHumanControllingUs: 0, StartBugReporterOnCrash: 0, Is64bit: 1, IsPro: 1

COMMAND LINE ARGUMENTS:
D:\Unity Hub\Editor\2021.3.41f1c1\Editor\Unity.exe
-adb2
-batchMode
-noUpm
-name
AssetImportWorker0
-projectPath
D:/UnityProject/NinjaVsZombies/NinjaVsZombies
-logFile
Logs/AssetImportWorker0.log
-srvPort
50621
Successfully changed project path to: D:/UnityProject/NinjaVsZombies/NinjaVsZombies
D:/UnityProject/NinjaVsZombies/NinjaVsZombies
[UnityMemory] Configuration Parameters - Can be set up in boot.config
    "memorysetup-bucket-allocator-granularity=16"
    "memorysetup-bucket-allocator-bucket-count=8"
    "memorysetup-bucket-allocator-block-size=33554432"
    "memorysetup-bucket-allocator-block-count=8"
    "memorysetup-main-allocator-block-size=16777216"
    "memorysetup-thread-allocator-block-size=16777216"
    "memorysetup-gfx-main-allocator-block-size=16777216"
    "memorysetup-gfx-thread-allocator-block-size=16777216"
    "memorysetup-cache-allocator-block-size=4194304"
    "memorysetup-typetree-allocator-block-size=2097152"
    "memorysetup-profiler-bucket-allocator-granularity=16"
    "memorysetup-profiler-bucket-allocator-bucket-count=8"
    "memorysetup-profiler-bucket-allocator-block-size=33554432"
    "memorysetup-profiler-bucket-allocator-block-count=8"
    "memorysetup-profiler-allocator-block-size=16777216"
    "memorysetup-profiler-editor-allocator-block-size=1048576"
    "memorysetup-temp-allocator-size-main=16777216"
    "memorysetup-job-temp-allocator-block-size=2097152"
    "memorysetup-job-temp-allocator-block-size-background=1048576"
    "memorysetup-job-temp-allocator-reduction-small-platforms=262144"
    "memorysetup-temp-allocator-size-background-worker=32768"
    "memorysetup-temp-allocator-size-job-worker=262144"
    "memorysetup-temp-allocator-size-preload-manager=33554432"
    "memorysetup-temp-allocator-size-nav-mesh-worker=65536"
    "memorysetup-temp-allocator-size-audio-worker=65536"
    "memorysetup-temp-allocator-size-cloud-worker=32768"
    "memorysetup-temp-allocator-size-gi-baking-worker=262144"
    "memorysetup-temp-allocator-size-gfx=262144"
Player connection [12212] Host "[IP] 192.168.31.204 [Port] 0 [Flags] 2 [Guid] 1147425405 [EditorId] 1147425405 [Version] 1048832 [Id] WindowsEditor(7,BF-202501021008) [Debug] 1 [PackageName] WindowsEditor [ProjectName] Editor" joined multi-casting on [225.0.0.222:54997]...

Player connection [12212] Host "[IP] 192.168.31.204 [Port] 0 [Flags] 2 [Guid] 1147425405 [EditorId] 1147425405 [Version] 1048832 [Id] WindowsEditor(7,BF-202501021008) [Debug] 1 [PackageName] WindowsEditor [ProjectName] Editor" joined alternative multi-casting on [225.0.0.222:34997]...

AS: AutoStreaming module initializing.
[Physics::Module] Initialized MultithreadedJobDispatcher with {0} workers.
Refreshing native plugins compatible for Editor in 75.52 ms, found 3 plugins.
Preloading 0 native plugins for Editor in 0.00 ms.
Initialize engine version: 2021.3.41f1c1 (abf9ed549ceb)
[Subsystems] Discovering subsystems at path D:/Unity Hub/Editor/2021.3.41f1c1/Editor/Data/Resources/UnitySubsystems
[Subsystems] Discovering subsystems at path D:/UnityProject/NinjaVsZombies/NinjaVsZombies/Assets
GfxDevice: creating device client; threaded=0; jobified=0
Direct3D:
    Version:  Direct3D 11.0 [level 11.1]
    Renderer: NVIDIA GeForce GTX 1050 (ID=0x1c8d)
    Vendor:   NVIDIA
    VRAM:     4004 MB
    Driver:   32.0.15.6636
Initialize mono
Mono path[0] = 'D:/Unity Hub/Editor/2021.3.41f1c1/Editor/Data/Managed'
Mono path[1] = 'D:/Unity Hub/Editor/2021.3.41f1c1/Editor/Data/MonoBleedingEdge/lib/mono/unityjit-win32'
Mono config path = 'D:/Unity Hub/Editor/2021.3.41f1c1/Editor/Data/MonoBleedingEdge/etc'
Using monoOptions --debugger-agent=transport=dt_socket,embedding=1,server=y,suspend=n,address=127.0.0.1:56472
Begin MonoManager ReloadAssembly
Registering precompiled unity dll's ...
Register platform support module: D:/Unity Hub/Editor/2021.3.41f1c1/Editor/Data/PlaybackEngines/WebGLSupport/UnityEditor.WebGL.Extensions.dll
Register platform support module: D:/Unity Hub/Editor/2021.3.41f1c1/Editor/Data/PlaybackEngines/WindowsStandaloneSupport/UnityEditor.WindowsStandalone.Extensions.dll
Registered in 0.004696 seconds.
Native extension for WindowsStandalone target not found
Native extension for WebGL target not found
Refreshing native plugins compatible for Editor in 60.85 ms, found 3 plugins.
Preloading 0 native plugins for Editor in 0.00 ms.
Mono: successfully reloaded assembly
- Completed reload, in  0.886 seconds
Domain Reload Profiling:
	ReloadAssembly (887ms)
		BeginReloadAssembly (141ms)
			ExecutionOrderSort (0ms)
			DisableScriptedObjects (0ms)
			BackupInstance (0ms)
			ReleaseScriptingObjects (0ms)
			CreateAndSetChildDomain (1ms)
		EndReloadAssembly (616ms)
			LoadAssemblies (138ms)
			RebuildTransferFunctionScriptingTraits (0ms)
			SetupTypeCache (171ms)
			ReleaseScriptCaches (0ms)
			RebuildScriptCaches (44ms)
			SetupLoadedEditorAssemblies (339ms)
				LogAssemblyErrors (0ms)
				InitializePlatformSupportModulesInManaged (11ms)
				SetLoadedEditorAssemblies (0ms)
				RefreshPlugins (61ms)
				BeforeProcessingInitializeOnLoad (2ms)
				ProcessInitializeOnLoadAttributes (194ms)
				ProcessInitializeOnLoadMethodAttributes (71ms)
				AfterProcessingInitializeOnLoad (0ms)
				EditorAssembliesLoaded (0ms)
			ExecutionOrderSort2 (0ms)
			AwakeInstancesAfterBackupRestoration (0ms)
Platform modules already initialized, skipping
Registering precompiled user dll's ...
Registered in 0.007457 seconds.
Begin MonoManager ReloadAssembly
Native extension for WindowsStandalone target not found
Native extension for WebGL target not found
Refreshing native plugins compatible for Editor in 0.68 ms, found 3 plugins.
Preloading 0 native plugins for Editor in 0.00 ms.
Package Manager log level set to [2]
[Package Manager] Server::EnsureServerProcessIsRunning -- launch failed, reason: Unity was launched with the -noUpm command-line argument
[Package Manager] Cannot connect to Unity Package Manager local server
Mono: successfully reloaded assembly
- Completed reload, in  1.752 seconds
Domain Reload Profiling:
	ReloadAssembly (1753ms)
		BeginReloadAssembly (186ms)
			ExecutionOrderSort (0ms)
			DisableScriptedObjects (9ms)
			BackupInstance (0ms)
			ReleaseScriptingObjects (0ms)
			CreateAndSetChildDomain (41ms)
		EndReloadAssembly (1434ms)
			LoadAssemblies (119ms)
			RebuildTransferFunctionScriptingTraits (0ms)
			SetupTypeCache (375ms)
			ReleaseScriptCaches (1ms)
			RebuildScriptCaches (69ms)
			SetupLoadedEditorAssemblies (848ms)
				LogAssemblyErrors (0ms)
				InitializePlatformSupportModulesInManaged (7ms)
				SetLoadedEditorAssemblies (1ms)
				RefreshPlugins (1ms)
				BeforeProcessingInitializeOnLoad (74ms)
				ProcessInitializeOnLoadAttributes (729ms)
				ProcessInitializeOnLoadMethodAttributes (29ms)
				AfterProcessingInitializeOnLoad (7ms)
				EditorAssembliesLoaded (0ms)
			ExecutionOrderSort2 (0ms)
			AwakeInstancesAfterBackupRestoration (7ms)
Platform modules already initialized, skipping
========================================================================
Worker process is ready to serve import requests
Launched and connected shader compiler UnityShaderCompiler.exe after 0.07 seconds
Refreshing native plugins compatible for Editor in 0.77 ms, found 3 plugins.
Preloading 0 native plugins for Editor in 0.00 ms.
Unloading 3080 Unused Serialized files (Serialized files now loaded: 0)
Unloading 24 unused Assets / (46.9 KB). Loaded Objects now: 3547.
Memory consumption went from 112.0 MB to 112.0 MB.
Total: 4.154400 ms (FindLiveObjects: 0.502100 ms CreateObjectMapping: 0.342800 ms MarkObjects: 3.219900 ms  DeleteObjects: 0.087900 ms)

AssetImportParameters requested are different than current active one (requested -> active):
  custom:video-decoder-ogg-theora: a1e56fd34408186e4bbccfd4996cb3dc -> 
  custom:container-muxer-webm: aa71ff27fc2769a1b78a27578f13a17b -> 
  custom:container-demuxer-webm: 4f35f7cbe854078d1ac9338744f61a02 -> 
  custom:video-encoder-webm-vp8: eb34c28f22e8b96e1ab97ce403110664 -> 
  custom:CustomObjectIndexerAttribute: bc11b3a6c3213fcdd17b65e7da85e133 -> 
  custom:audio-encoder-webm-vorbis: bf7c407c2cedff20999df2af8eb42d56 -> 
  custom:framework-win-MediaFoundation: 216162199b28c13a410421893ffa2e32 -> 
  custom:SearchIndexIgnoredProperties: e643bd26f0fe6173181afceb89e7c659 -> 
  custom:container-demuxer-ogg: 62fdf1f143b41e24485cea50d1cbac27 -> 
  custom:video-decoder-webm-vp8: 9c59270c3fd7afecdb556c50c9e8de78 -> 
  custom:audio-decoder-ogg-vorbis: bf7c407c2cedff20999df2af8eb42d56 -> 
========================================================================
Received Import Request.
  Time since last request: 3402.613277 seconds.
  path: Assets/ninjaGame
  artifactKey: Guid(f3a41e31b60bfa54db48cbf0e7c6fd1e) Importer(815301076,1909f56bfc062723c751e8b465ee728b)
Number of updated assets reloaded before import = 0
Start importing Assets/ninjaGame using Guid(f3a41e31b60bfa54db48cbf0e7c6fd1e) Importer(815301076,1909f56bfc062723c751e8b465ee728b)  -> (artifact id: '00b95c9c8fb445e12252c4e478dd37ee') in 0.011061 seconds 
Number of asset objects unloaded after import = 0
========================================================================
Received Import Request.
  Time since last request: 7.166561 seconds.
  path: Assets/ninjaGame/Prefabs
  artifactKey: Guid(567c6161b6f344773a4db622b6bacc4b) Importer(815301076,1909f56bfc062723c751e8b465ee728b)
Number of updated assets reloaded before import = 0
Start importing Assets/ninjaGame/Prefabs using Guid(567c6161b6f344773a4db622b6bacc4b) Importer(815301076,1909f56bfc062723c751e8b465ee728b)  -> (artifact id: 'b6adb8acedbb3bf0bdc221c022f4f7de') in 0.001610 seconds 
Number of asset objects unloaded after import = 0
========================================================================
Received Import Request.
  Time since last request: 0.107351 seconds.
  path: Assets/ninjaGame/Prefabs/Button.prefab
  artifactKey: Guid(f1821af0cc6e46947bb4a464c9a82393) Importer(815301076,1909f56bfc062723c751e8b465ee728b)
Number of updated assets reloaded before import = 0
Start importing Assets/ninjaGame/Prefabs/Button.prefab using Guid(f1821af0cc6e46947bb4a464c9a82393) Importer(815301076,1909f56bfc062723c751e8b465ee728b)  -> (artifact id: '9b1ef7a185d6c97acfc047f3231e8a1d') in 0.073542 seconds 
Number of asset objects unloaded after import = 16
========================================================================
Received Import Request.
  Time since last request: 0.000027 seconds.
  path: Assets/ninjaGame/Prefabs/MainMenu Ui.prefab
  artifactKey: Guid(c24e18db6c8ad0449863c1897191e77f) Importer(815301076,1909f56bfc062723c751e8b465ee728b)
Number of updated assets reloaded before import = 0
Start importing Assets/ninjaGame/Prefabs/MainMenu Ui.prefab using Guid(c24e18db6c8ad0449863c1897191e77f) Importer(815301076,1909f56bfc062723c751e8b465ee728b)  -> (artifact id: 'aaf87ba214f483e1e389e4b90f667bad') in 0.046364 seconds 
Number of asset objects unloaded after import = 835
========================================================================
Received Import Request.
  Time since last request: 0.000028 seconds.
  path: Assets/ninjaGame/Prefabs/SwipeParent.prefab
  artifactKey: Guid(4fc1942b0593ac84f9eb9bde9362c5a6) Importer(815301076,1909f56bfc062723c751e8b465ee728b)
Number of updated assets reloaded before import = 0
Start importing Assets/ninjaGame/Prefabs/SwipeParent.prefab using Guid(4fc1942b0593ac84f9eb9bde9362c5a6) Importer(815301076,1909f56bfc062723c751e8b465ee728b)  -> (artifact id: 'a2535cb2867c17085e765ed95f98c128') in 0.006963 seconds 
Number of asset objects unloaded after import = 81
========================================================================
Received Import Request.
  Time since last request: 0.000033 seconds.
  path: Assets/ninjaGame/Prefabs/snowSplash.prefab
  artifactKey: Guid(0516eab3d23332343a10c1e15715abf4) Importer(815301076,1909f56bfc062723c751e8b465ee728b)
Number of updated assets reloaded before import = 0
Start importing Assets/ninjaGame/Prefabs/snowSplash.prefab using Guid(0516eab3d23332343a10c1e15715abf4) Importer(815301076,1909f56bfc062723c751e8b465ee728b)  -> (artifact id: '30d7e8382648653842ffd7565193aae1') in 0.002920 seconds 
Number of asset objects unloaded after import = 4
========================================================================
Received Import Request.
  Time since last request: 0.000020 seconds.
  path: Assets/ninjaGame/Prefabs/GameConrtoller.prefab
  artifactKey: Guid(b71739dfad9dcaf41a8731bd76a7fd16) Importer(815301076,1909f56bfc062723c751e8b465ee728b)
Number of updated assets reloaded before import = 0
Start importing Assets/ninjaGame/Prefabs/GameConrtoller.prefab using Guid(b71739dfad9dcaf41a8731bd76a7fd16) Importer(815301076,1909f56bfc062723c751e8b465ee728b)  -> (artifact id: 'e4c4c0451fc5f55f8e0ece73415031e2') in 0.003465 seconds 
Number of asset objects unloaded after import = 8
========================================================================
Received Import Request.
  Time since last request: 0.000020 seconds.
  path: Assets/ninjaGame/Prefabs/InGameUIMenu.prefab
  artifactKey: Guid(b8096a78f77bb414e9b3caaa7075829c) Importer(815301076,1909f56bfc062723c751e8b465ee728b)
Number of updated assets reloaded before import = 0
Start importing Assets/ninjaGame/Prefabs/InGameUIMenu.prefab using Guid(b8096a78f77bb414e9b3caaa7075829c) Importer(815301076,1909f56bfc062723c751e8b465ee728b)  -> (artifact id: '50451079eed9a6e483c39c81b8ce20cf') in 0.546798 seconds 
Number of asset objects unloaded after import = 242
========================================================================
Received Import Request.
  Time since last request: 0.000027 seconds.
  path: Assets/ninjaGame/Prefabs/Uicam.prefab
  artifactKey: Guid(b6a1568ecb375284287482c35c35be8b) Importer(815301076,1909f56bfc062723c751e8b465ee728b)
Number of updated assets reloaded before import = 0
Start importing Assets/ninjaGame/Prefabs/Uicam.prefab using Guid(b6a1568ecb375284287482c35c35be8b) Importer(815301076,1909f56bfc062723c751e8b465ee728b)  -> (artifact id: '49fd1a9bb4ff57771742938af831583d') in 0.003301 seconds 
Number of asset objects unloaded after import = 7
========================================================================
Received Import Request.
  Time since last request: 0.000027 seconds.
  path: Assets/ninjaGame/Prefabs/MainMenuPlayer.prefab
  artifactKey: Guid(ac2a67a66f2460540be6116d8d22e04b) Importer(815301076,1909f56bfc062723c751e8b465ee728b)
Number of updated assets reloaded before import = 0
Start importing Assets/ninjaGame/Prefabs/MainMenuPlayer.prefab using Guid(ac2a67a66f2460540be6116d8d22e04b) Importer(815301076,1909f56bfc062723c751e8b465ee728b)  -> (artifact id: '2b17ee531689427973bd4f8b69afb416') in 0.597784 seconds 
Number of asset objects unloaded after import = 823
========================================================================
Received Import Request.
  Time since last request: 0.000036 seconds.
  path: Assets/ninjaGame/Prefabs/SoundController.prefab
  artifactKey: Guid(0fd20722fc02d474ab2672b52b8c7484) Importer(815301076,1909f56bfc062723c751e8b465ee728b)
Number of updated assets reloaded before import = 0
Start importing Assets/ninjaGame/Prefabs/SoundController.prefab using Guid(0fd20722fc02d474ab2672b52b8c7484) Importer(815301076,1909f56bfc062723c751e8b465ee728b)  -> (artifact id: 'f3f02f1207e57c4a2c71857ff9819dfd') in 0.007132 seconds 
Number of asset objects unloaded after import = 19
========================================================================
Received Import Request.
  Time since last request: 0.000053 seconds.
  path: Assets/ninjaGame/Prefabs/Trail.prefab
  artifactKey: Guid(7b947492d24a53a43a8006b8795155be) Importer(815301076,1909f56bfc062723c751e8b465ee728b)
Number of updated assets reloaded before import = 0
Start importing Assets/ninjaGame/Prefabs/Trail.prefab using Guid(7b947492d24a53a43a8006b8795155be) Importer(815301076,1909f56bfc062723c751e8b465ee728b)  -> (artifact id: '880717bfb1535e2ff92615b1a1ce3f1b') in 0.013444 seconds 
Number of asset objects unloaded after import = 7
========================================================================
Received Import Request.
  Time since last request: 7.411744 seconds.
  path: Assets/ninjaGame/Prefabs/Obsticles/pot.prefab
  artifactKey: Guid(e0291fdc35926834baf08511c2c37917) Importer(815301076,1909f56bfc062723c751e8b465ee728b)
Number of updated assets reloaded before import = 0
Start importing Assets/ninjaGame/Prefabs/Obsticles/pot.prefab using Guid(e0291fdc35926834baf08511c2c37917) Importer(815301076,1909f56bfc062723c751e8b465ee728b)  -> (artifact id: 'e02d1df3ccb2fa140b6344a694380b52') in 0.025795 seconds 
Number of asset objects unloaded after import = 80
========================================================================
Received Import Request.
  Time since last request: 10.078856 seconds.
  path: Assets/ninjaGame/Particles/SparksEffect.prefab
  artifactKey: Guid(d4c2f69e4d9fbd94c878b0a56582fd47) Importer(815301076,1909f56bfc062723c751e8b465ee728b)
Number of updated assets reloaded before import = 0
Start importing Assets/ninjaGame/Particles/SparksEffect.prefab using Guid(d4c2f69e4d9fbd94c878b0a56582fd47) Importer(815301076,1909f56bfc062723c751e8b465ee728b)  -> (artifact id: '3427e41b11958b7343e77df31fe74367') in 0.006917 seconds 
Number of asset objects unloaded after import = 4
========================================================================
Received Import Request.
  Time since last request: 7.347285 seconds.
  path: Assets/ninjaGame/Particles/Legacy Particles/Small explosion.prefab
  artifactKey: Guid(bd943c792514675e464dfc7a8c26d3e0) Importer(815301076,1909f56bfc062723c751e8b465ee728b)
Number of updated assets reloaded before import = 0
Start importing Assets/ninjaGame/Particles/Legacy Particles/Small explosion.prefab using Guid(bd943c792514675e464dfc7a8c26d3e0) Importer(815301076,1909f56bfc062723c751e8b465ee728b)  -> (artifact id: '2929318181444b0a3eeca12173078158') in 0.006418 seconds 
Number of asset objects unloaded after import = 4
Editor requested this worker to shutdown with reason: Scaling down because of idle timeout
AssetImportWorker is now disconnected from the server
Process exiting
Exiting without the bug reporter. Application will terminate with return code 0